Build started 01/04/2020 01:52:42.
     1>Project "D:\Visual Studio 2012\Fishy-Waters\CPP-SFMLTemplate\CPP-SFMLTemplate.vcxproj" on node 2 (Build target(s)).
     1>ClCompile:
         C:\Program Files (x86)\Microsoft Visual Studio 11.0\VC\bin\CL.exe /c /I"C:\SFML v2.4.0 (Win32 - Visual Studio 2012)\include" /ZI /nologo /W3 /WX- /Od /Oy- /D WIN32 /D _DEBUG /D _CONSOLE /D _UNICODE /D UNICODE /Gm /EHsc /RTC1 /MDd /GS /fp:precise /Zc:wchar_t /Zc:forScope /Fo"Debug\\" /Fd"Debug\vc110.pdb" /Gd /TP /analyze- /errorReport:prompt main.cpp
         main.cpp
     1>d:\visual studio 2012\fishy-waters\cpp-sfmltemplate\main.cpp(44): warning C4244: 'argument' : conversion from 'int' to 'float', possible loss of data
     1>d:\visual studio 2012\fishy-waters\cpp-sfmltemplate\main.cpp(139): warning C4305: 'argument' : truncation from 'double' to 'float'
     1>d:\visual studio 2012\fishy-waters\cpp-sfmltemplate\main.cpp(233): warning C4996: 'sf::Text::setColor': was declared deprecated
                 c:\sfml v2.4.0 (win32 - visual studio 2012)\include\sfml\graphics\text.hpp(177) : see declaration of 'sf::Text::setColor'
     1>d:\visual studio 2012\fishy-waters\cpp-sfmltemplate\main.cpp(239): warning C4244: 'argument' : conversion from 'time_t' to 'unsigned int', possible loss of data
     1>d:\visual studio 2012\fishy-waters\cpp-sfmltemplate\main.cpp(395): warning C4244: 'argument' : conversion from 'int' to 'float', possible loss of data
     1>d:\visual studio 2012\fishy-waters\cpp-sfmltemplate\main.cpp(401): warning C4244: 'argument' : conversion from 'int' to 'float', possible loss of data
     1>d:\visual studio 2012\fishy-waters\cpp-sfmltemplate\main.cpp(407): warning C4244: 'argument' : conversion from 'int' to 'float', possible loss of data
     1>d:\visual studio 2012\fishy-waters\cpp-sfmltemplate\main.cpp(413): warning C4244: 'argument' : conversion from 'int' to 'float', possible loss of data
     1>d:\visual studio 2012\fishy-waters\cpp-sfmltemplate\main.cpp(419): warning C4244: 'argument' : conversion from 'int' to 'float', possible loss of data
     1>d:\visual studio 2012\fishy-waters\cpp-sfmltemplate\main.cpp(425): warning C4244: 'argument' : conversion from 'int' to 'float', possible loss of data
     1>d:\visual studio 2012\fishy-waters\cpp-sfmltemplate\main.cpp(431): warning C4244: 'argument' : conversion from 'int' to 'float', possible loss of data
     1>d:\visual studio 2012\fishy-waters\cpp-sfmltemplate\main.cpp(484): warning C4244: 'argument' : conversion from 'time_t' to 'unsigned int', possible loss of data
     1>d:\visual studio 2012\fishy-waters\cpp-sfmltemplate\main.cpp(513): warning C4244: 'argument' : conversion from 'int' to 'float', possible loss of data
     1>d:\visual studio 2012\fishy-waters\cpp-sfmltemplate\main.cpp(519): warning C4244: 'argument' : conversion from 'int' to 'float', possible loss of data
     1>d:\visual studio 2012\fishy-waters\cpp-sfmltemplate\main.cpp(525): warning C4244: 'argument' : conversion from 'int' to 'float', possible loss of data
       Link:
         C:\Program Files (x86)\Microsoft Visual Studio 11.0\VC\bin\link.exe /ERRORREPORT:PROMPT /OUT:"D:\Visual Studio 2012\Fishy-Waters\Debug\Fishy Waters.exe" /INCREMENTAL /NOLOGO /LIBPATH:"C:\SFML v2.4.0 (Win32 - Visual Studio 2012)\lib" "sfml-system-d.lib" "sfml-graphics-d.lib" "sfml-audio-d.lib" "sfml-network-d.lib" "sfml-window-d.lib" kernel32.lib user32.lib gdi32.lib winspool.lib comdlg32.lib advapi32.lib shell32.lib ole32.lib oleaut32.lib uuid.lib odbc32.lib odbccp32.lib kernel32.lib user32.lib gdi32.lib winspool.lib comdlg32.lib advapi32.lib shell32.lib ole32.lib oleaut32.lib uuid.lib odbc32.lib odbccp32.lib /MANIFEST /MANIFESTUAC:"level='asInvoker' uiAccess='false'" /manifest:embed /DEBUG /PDB:"D:\Visual Studio 2012\Fishy-Waters\Debug\Fishy Waters.pdb" /SUBSYSTEM:CONSOLE /TLBID:1 /DYNAMICBASE /NXCOMPAT /IMPLIB:"D:\Visual Studio 2012\Fishy-Waters\Debug\Fishy Waters.lib" /MACHINE:X86 Debug\Enemies.obj
         Debug\CannonBall.obj
         Debug\Fish.obj
         Debug\main.obj
         Debug\Player.obj
         CPP-SFMLTemplate.vcxproj -> D:\Visual Studio 2012\Fishy-Waters\Debug\Fishy Waters.exe
     1>Done Building Project "D:\Visual Studio 2012\Fishy-Waters\CPP-SFMLTemplate\CPP-SFMLTemplate.vcxproj" (Build target(s)).

Build succeeded.

Time Elapsed 00:00:02.35
